<?xml version="1.0" encoding="UTF-8"?>
<!-- Generated by org.testng.reporters.JUnitReportReporter -->
<testsuite hostname="SHERIS-LAPTOP" failures="0" tests="1" name="driverFactory.DriverScript" time="24.608" errors="0" timestamp="2023-12-09T13:03:38 IST" skipped="0">
  <testcase classname="driverFactory.DriverScript" name="startTest" time="24.608">
    <system-out>
      <![CDATA[Number of Rows are:::: 9
Login success::::dashboard       http://orangehrm.qedgetech.com/symfony/web/index.php/dashboard
Login Failure::::dashboard       http://orangehrm.qedgetech.com/symfony/web/index.php/auth/validateCredentials
Login success::::dashboard       http://orangehrm.qedgetech.com/symfony/web/index.php/dashboard
Login Failure::::dashboard       http://orangehrm.qedgetech.com/symfony/web/index.php/auth/validateCredentials
Login success::::dashboard       http://orangehrm.qedgetech.com/symfony/web/index.php/dashboard
Login Failure::::dashboard       http://orangehrm.qedgetech.com/symfony/web/index.php/auth/validateCredentials
Login success::::dashboard       http://orangehrm.qedgetech.com/symfony/web/index.php/dashboard
Login Failure::::dashboard       http://orangehrm.qedgetech.com/symfony/web/index.php/auth/validateCredentials
Login success::::dashboard       http://orangehrm.qedgetech.com/symfony/web/index.php/dashboard]]>
    </system-out>
  </testcase> <!-- startTest -->
  <system-out>
    <![CDATA[Number of Rows are:::: 9
Login success::::dashboard       http://orangehrm.qedgetech.com/symfony/web/index.php/dashboard
Login Failure::::dashboard       http://orangehrm.qedgetech.com/symfony/web/index.php/auth/validateCredentials
Login success::::dashboard       http://orangehrm.qedgetech.com/symfony/web/index.php/dashboard
Login Failure::::dashboard       http://orangehrm.qedgetech.com/symfony/web/index.php/auth/validateCredentials
Login success::::dashboard       http://orangehrm.qedgetech.com/symfony/web/index.php/dashboard
Login Failure::::dashboard       http://orangehrm.qedgetech.com/symfony/web/index.php/auth/validateCredentials
Login success::::dashboard       http://orangehrm.qedgetech.com/symfony/web/index.php/dashboard
Login Failure::::dashboard       http://orangehrm.qedgetech.com/symfony/web/index.php/auth/validateCredentials
Login success::::dashboard       http://orangehrm.qedgetech.com/symfony/web/index.php/dashboard]]>
  </system-out>
</testsuite> <!-- driverFactory.DriverScript -->
